<?xml version="1.0" encoding="UTF-8"?>
<!-- Generated by org.testng.reporters.JUnitReportReporter -->
<testsuite hostname="DESKTOP-BLHP1I0" failures="0" tests="2" name="tests.LoginTest" time="11.290" errors="0" timestamp="2022-09-18T17:15:29 IST" skipped="0">
  <testcase classname="tests.LoginTest" name="LoginLockUserTest" time="6.605"/>
  <system-out/>
  <testcase classname="tests.LoginTest" name="LoginInvalidUserTest" time="4.685"/>
  <system-out/>
</testsuite> <!-- tests.LoginTest -->
