<?xml version="1.0" encoding="UTF-8"?>
<!-- Generated by org.testng.reporters.JUnitReportReporter -->
<testsuite hostname="DESKTOP-BLHP1I0" failures="0" tests="2" name="tests.LoginTest" time="16.885" errors="0" timestamp="2022-09-15T17:37:37 IST" skipped="0">
  <testcase classname="tests.LoginTest" name="LoginLockUserTest" time="8.537"/>
  <system-out/>
  <testcase classname="tests.LoginTest" name="LoginInvalidUserTest" time="8.348"/>
  <system-out/>
</testsuite> <!-- tests.LoginTest -->
