<?xml version="1.0" encoding="UTF-8"?>
<!-- Generated by org.testng.reporters.JUnitReportReporter -->
<testsuite hostname="DESKTOP-BLHP1I0" failures="0" tests="3" name="DemoTest.Test1" time="49.389" errors="0" timestamp="2022-09-14T09:44:08 IST" skipped="0">
  <testcase classname="DemoTest.Test1" name="GoogleTest1" time="16.440"/>
  <system-out/>
  <testcase classname="DemoTest.Test1" name="GoogleTest3" time="16.386"/>
  <system-out/>
  <testcase classname="DemoTest.Test1" name="GoogleTest2" time="16.563"/>
  <system-out/>
</testsuite> <!-- DemoTest.Test1 -->
